<?xml version="1.0" encoding="UTF-8"?>
<coverage generated="1749136720920" clover="3.2.0">
  <project timestamp="1749136720920" name="All files">
    <metrics statements="291" coveredstatements="275" conditionals="101" coveredconditionals="92" methods="27" coveredmethods="25" elements="419" coveredelements="392" complexity="0" loc="291" ncloc="291" packages="1" files="9" classes="9"/>
    <file name="cache-restore.ts" path="/home/runner/work/setup-matlab/setup-matlab/src/cache-restore.ts">
      <metrics statements="21" coveredstatements="20" conditionals="2" coveredconditionals="1" methods="1" coveredmethods="1"/>
      <line num="3" count="2" type="stmt"/>
      <line num="4" count="2" type="stmt"/>
      <line num="5" count="2" type="stmt"/>
      <line num="6" count="2" type="stmt"/>
      <line num="9" count="2" type="stmt"/>
      <line num="10" count="2" type="stmt"/>
      <line num="11" count="2" type="stmt"/>
      <line num="12" count="2" type="stmt"/>
      <line num="13" count="2" type="stmt"/>
      <line num="14" count="2" type="cond" truecount="0" falsecount="1"/>
      <line num="15" count="0" type="stmt"/>
      <line num="17" count="2" type="stmt"/>
      <line num="19" count="2" type="stmt"/>
      <line num="20" count="2" type="stmt"/>
      <line num="21" count="2" type="stmt"/>
      <line num="23" count="2" type="cond" truecount="1" falsecount="0"/>
      <line num="24" count="1" type="stmt"/>
      <line num="25" count="1" type="stmt"/>
      <line num="28" count="1" type="stmt"/>
      <line num="29" count="1" type="stmt"/>
      <line num="30" count="1" type="stmt"/>
    </file>
    <file name="cache-save.ts" path="/home/runner/work/setup-matlab/setup-matlab/src/cache-save.ts">
      <metrics statements="15" coveredstatements="14" conditionals="1" coveredconditionals="1" methods="1" coveredmethods="1"/>
      <line num="3" count="2" type="stmt"/>
      <line num="4" count="2" type="stmt"/>
      <line num="5" count="2" type="stmt"/>
      <line num="7" count="2" type="stmt"/>
      <line num="8" count="2" type="stmt"/>
      <line num="9" count="2" type="stmt"/>
      <line num="10" count="2" type="stmt"/>
      <line num="11" count="2" type="stmt"/>
      <line num="14" count="2" type="cond" truecount="1" falsecount="0"/>
      <line num="15" count="1" type="stmt"/>
      <line num="16" count="1" type="stmt"/>
      <line num="19" count="1" type="stmt"/>
      <line num="20" count="1" type="stmt"/>
      <line num="21" count="1" type="stmt"/>
      <line num="23" count="0" type="stmt"/>
    </file>
    <file name="cache-state.ts" path="/home/runner/work/setup-matlab/setup-matlab/src/cache-state.ts">
      <metrics statements="5" coveredstatements="5" conditionals="2" coveredconditionals="2" methods="1" coveredmethods="1"/>
      <line num="3" count="4" type="cond" truecount="2" falsecount="0"/>
      <line num="4" count="4" type="stmt"/>
      <line num="5" count="4" type="stmt"/>
      <line num="6" count="4" type="stmt"/>
      <line num="7" count="4" type="stmt"/>
    </file>
    <file name="install-state.ts" path="/home/runner/work/setup-matlab/setup-matlab/src/install-state.ts">
      <metrics statements="2" coveredstatements="2" conditionals="2" coveredconditionals="2" methods="1" coveredmethods="1"/>
      <line num="3" count="2" type="cond" truecount="2" falsecount="0"/>
      <line num="4" count="2" type="stmt"/>
    </file>
    <file name="install.ts" path="/home/runner/work/setup-matlab/setup-matlab/src/install.ts">
      <metrics statements="34" coveredstatements="33" conditionals="15" coveredconditionals="14" methods="3" coveredmethods="3"/>
      <line num="3" count="1" type="stmt"/>
      <line num="4" count="1" type="stmt"/>
      <line num="5" count="1" type="stmt"/>
      <line num="6" count="1" type="stmt"/>
      <line num="7" count="1" type="stmt"/>
      <line num="8" count="1" type="stmt"/>
      <line num="22" count="1" type="stmt"/>
      <line num="23" count="14" type="stmt"/>
      <line num="24" count="13" type="cond" truecount="1" falsecount="0"/>
      <line num="25" count="1" type="stmt"/>
      <line num="29" count="12" type="cond" truecount="3" falsecount="0"/>
      <line num="30" count="11" type="stmt"/>
      <line num="31" count="11" type="stmt"/>
      <line num="35" count="11" type="stmt"/>
      <line num="36" count="11" type="stmt"/>
      <line num="37" count="11" type="cond" truecount="4" falsecount="0"/>
      <line num="38" count="1" type="stmt"/>
      <line num="41" count="11" type="stmt"/>
      <line num="42" count="11" type="stmt"/>
      <line num="44" count="11" type="cond" truecount="1" falsecount="0"/>
      <line num="45" count="3" type="stmt"/>
      <line num="46" count="3" type="stmt"/>
      <line num="49" count="11" type="cond" truecount="3" falsecount="0"/>
      <line num="50" count="9" type="stmt"/>
      <line num="51" count="9" type="stmt"/>
      <line num="52" count="8" type="stmt"/>
      <line num="55" count="10" type="stmt"/>
      <line num="56" count="10" type="stmt"/>
      <line num="58" count="10" type="stmt"/>
      <line num="60" count="9" type="cond" truecount="1" falsecount="0"/>
      <line num="61" count="1" type="cond" truecount="1" falsecount="1"/>
      <line num="62" count="0" type="stmt"/>
      <line num="64" count="1" type="stmt"/>
      <line num="69" count="9" type="stmt"/>
    </file>
    <file name="matlab.ts" path="/home/runner/work/setup-matlab/setup-matlab/src/matlab.ts">
      <metrics statements="130" coveredstatements="121" conditionals="54" coveredconditionals="48" methods="11" coveredmethods="10"/>
      <line num="3" count="2" type="stmt"/>
      <line num="4" count="2" type="stmt"/>
      <line num="5" count="2" type="stmt"/>
      <line num="6" count="2" type="stmt"/>
      <line num="7" count="2" type="stmt"/>
      <line num="8" count="2" type="stmt"/>
      <line num="9" count="2" type="stmt"/>
      <line num="10" count="2" type="stmt"/>
      <line num="11" count="2" type="stmt"/>
      <line num="12" count="2" type="stmt"/>
      <line num="21" count="2" type="stmt"/>
      <line num="22" count="8" type="stmt"/>
      <line num="23" count="8" type="stmt"/>
      <line num="24" count="8" type="cond" truecount="2" falsecount="0"/>
      <line num="25" count="1" type="stmt"/>
      <line num="26" count="1" type="stmt"/>
      <line num="28" count="7" type="stmt"/>
      <line num="30" count="8" type="cond" truecount="1" falsecount="0"/>
      <line num="31" count="1" type="stmt"/>
      <line num="33" count="8" type="stmt"/>
      <line num="38" count="7" type="cond" truecount="2" falsecount="0"/>
      <line num="39" count="5" type="stmt"/>
      <line num="40" count="4" type="stmt"/>
      <line num="42" count="2" type="stmt"/>
      <line num="44" count="7" type="stmt"/>
      <line num="49" count="5" type="cond" truecount="3" falsecount="0"/>
      <line num="50" count="1" type="stmt"/>
      <line num="53" count="4" type="stmt"/>
      <line num="54" count="4" type="cond" truecount="1" falsecount="0"/>
      <line num="55" count="1" type="stmt"/>
      <line num="59" count="3" type="cond" truecount="3" falsecount="0"/>
      <line num="60" count="2" type="stmt"/>
      <line num="63" count="1" type="stmt"/>
      <line num="64" count="1" type="stmt"/>
      <line num="66" count="1" type="stmt"/>
      <line num="68" count="1" type="stmt"/>
      <line num="69" count="1" type="stmt"/>
      <line num="70" count="1" type="stmt"/>
      <line num="71" count="1" type="stmt"/>
      <line num="74" count="1" type="stmt"/>
      <line num="77" count="1" type="stmt"/>
      <line num="78" count="1" type="stmt"/>
      <line num="81" count="1" type="stmt"/>
      <line num="82" count="1" type="stmt"/>
      <line num="83" count="1" type="stmt"/>
      <line num="84" count="1" type="stmt"/>
      <line num="86" count="1" type="stmt"/>
      <line num="88" count="1" type="stmt"/>
      <line num="93" count="6" type="stmt"/>
      <line num="94" count="6" type="stmt"/>
      <line num="95" count="6" type="stmt"/>
      <line num="96" count="6" type="stmt"/>
      <line num="99" count="2" type="stmt"/>
      <line num="100" count="9" type="cond" truecount="5" falsecount="0"/>
      <line num="101" count="1" type="stmt"/>
      <line num="105" count="8" type="stmt"/>
      <line num="106" count="8" type="cond" truecount="4" falsecount="0"/>
      <line num="108" count="1" type="stmt"/>
      <line num="109" count="1" type="stmt"/>
      <line num="110" count="1" type="stmt"/>
      <line num="112" count="4" type="stmt"/>
      <line num="113" count="4" type="stmt"/>
      <line num="115" count="2" type="cond" truecount="2" falsecount="0"/>
      <line num="116" count="1" type="stmt"/>
      <line num="118" count="1" type="stmt"/>
      <line num="120" count="2" type="stmt"/>
      <line num="122" count="1" type="stmt"/>
      <line num="125" count="7" type="stmt"/>
      <line num="126" count="6" type="stmt"/>
      <line num="127" count="6" type="stmt"/>
      <line num="128" count="6" type="cond" truecount="1" falsecount="0"/>
      <line num="129" count="5" type="stmt"/>
      <line num="130" count="5" type="cond" truecount="1" falsecount="0"/>
      <line num="131" count="1" type="stmt"/>
      <line num="134" count="5" type="stmt"/>
      <line num="137" count="2" type="stmt"/>
      <line num="140" count="9" type="stmt"/>
      <line num="141" count="9" type="stmt"/>
      <line num="142" count="9" type="cond" truecount="4" falsecount="0"/>
      <line num="143" count="3" type="stmt"/>
      <line num="144" count="3" type="stmt"/>
      <line num="145" count="3" type="stmt"/>
      <line num="146" count="3" type="stmt"/>
      <line num="149" count="1" type="stmt"/>
      <line num="152" count="6" type="stmt"/>
      <line num="153" count="6" type="cond" truecount="1" falsecount="0"/>
      <line num="154" count="1" type="stmt"/>
      <line num="156" count="5" type="stmt"/>
      <line num="160" count="7" type="stmt"/>
      <line num="161" count="7" type="cond" truecount="2" falsecount="0"/>
      <line num="162" count="7" type="stmt"/>
      <line num="163" count="7" type="stmt"/>
      <line num="165" count="7" type="cond" truecount="2" falsecount="0"/>
      <line num="166" count="1" type="stmt"/>
      <line num="167" count="1" type="stmt"/>
      <line num="170" count="6" type="cond" truecount="4" falsecount="0"/>
      <line num="171" count="1" type="stmt"/>
      <line num="172" count="1" type="stmt"/>
      <line num="174" count="5" type="stmt"/>
      <line num="175" count="5" type="stmt"/>
      <line num="176" count="5" type="cond" truecount="1" falsecount="0"/>
      <line num="177" count="1" type="stmt"/>
      <line num="178" count="1" type="stmt"/>
      <line num="179" count="1" type="stmt"/>
      <line num="183" count="6" type="stmt"/>
      <line num="191" count="2" type="stmt"/>
      <line num="193" count="0" type="stmt"/>
      <line num="194" count="0" type="cond" truecount="0" falsecount="4"/>
      <line num="196" count="0" type="stmt"/>
      <line num="197" count="0" type="stmt"/>
      <line num="200" count="0" type="stmt"/>
      <line num="201" count="0" type="stmt"/>
      <line num="203" count="0" type="stmt"/>
      <line num="205" count="0" type="stmt"/>
      <line num="208" count="2" type="stmt"/>
      <line num="209" count="7" type="cond" truecount="2" falsecount="0"/>
      <line num="210" count="1" type="stmt"/>
      <line num="211" count="6" type="cond" truecount="3" falsecount="0"/>
      <line num="212" count="4" type="cond" truecount="2" falsecount="0"/>
      <line num="213" count="1" type="stmt"/>
      <line num="215" count="3" type="stmt"/>
      <line num="221" count="1" type="stmt"/>
      <line num="222" count="1" type="cond" truecount="0" falsecount="1"/>
      <line num="223" count="0" type="stmt"/>
      <line num="228" count="3" type="cond" truecount="1" falsecount="1"/>
      <line num="229" count="3" type="stmt"/>
      <line num="230" count="3" type="stmt"/>
      <line num="231" count="2" type="stmt"/>
      <line num="232" count="2" type="cond" truecount="1" falsecount="0"/>
      <line num="233" count="1" type="stmt"/>
    </file>
    <file name="mpm.ts" path="/home/runner/work/setup-matlab/setup-matlab/src/mpm.ts">
      <metrics statements="51" coveredstatements="48" conditionals="17" coveredconditionals="16" methods="4" coveredmethods="4"/>
      <line num="3" count="2" type="stmt"/>
      <line num="4" count="2" type="stmt"/>
      <line num="5" count="2" type="stmt"/>
      <line num="6" count="2" type="stmt"/>
      <line num="7" count="2" type="stmt"/>
      <line num="9" count="2" type="stmt"/>
      <line num="11" count="2" type="stmt"/>
      <line num="13" count="9" type="stmt"/>
      <line num="14" count="9" type="cond" truecount="5" falsecount="0"/>
      <line num="15" count="1" type="stmt"/>
      <line num="17" count="8" type="cond" truecount="4" falsecount="0"/>
      <line num="19" count="1" type="stmt"/>
      <line num="20" count="1" type="stmt"/>
      <line num="21" count="1" type="stmt"/>
      <line num="23" count="4" type="stmt"/>
      <line num="24" count="4" type="stmt"/>
      <line num="26" count="2" type="cond" truecount="2" falsecount="0"/>
      <line num="27" count="1" type="stmt"/>
      <line num="29" count="1" type="stmt"/>
      <line num="31" count="2" type="stmt"/>
      <line num="33" count="1" type="stmt"/>
      <line num="36" count="7" type="stmt"/>
      <line num="37" count="7" type="cond" truecount="1" falsecount="0"/>
      <line num="38" count="1" type="stmt"/>
      <line num="40" count="6" type="stmt"/>
      <line num="43" count="6" type="cond" truecount="0" falsecount="1"/>
      <line num="44" count="0" type="stmt"/>
      <line num="45" count="0" type="stmt"/>
      <line num="47" count="0" type="stmt"/>
      <line num="51" count="6" type="stmt"/>
      <line num="53" count="5" type="cond" truecount="1" falsecount="0"/>
      <line num="54" count="4" type="stmt"/>
      <line num="55" count="4" type="cond" truecount="1" falsecount="0"/>
      <line num="56" count="1" type="stmt"/>
      <line num="59" count="4" type="stmt"/>
      <line num="62" count="2" type="stmt"/>
      <line num="63" count="5" type="stmt"/>
      <line num="65" count="9" type="stmt"/>
      <line num="67" count="5" type="stmt"/>
      <line num="69" count="5" type="stmt"/>
      <line num="71" count="5" type="stmt"/>
      <line num="76" count="5" type="cond" truecount="1" falsecount="0"/>
      <line num="77" count="1" type="stmt"/>
      <line num="79" count="5" type="stmt"/>
      <line num="81" count="5" type="stmt"/>
      <line num="83" count="1" type="stmt"/>
      <line num="84" count="1" type="stmt"/>
      <line num="86" count="4" type="cond" truecount="1" falsecount="0"/>
      <line num="87" count="1" type="stmt"/>
      <line num="88" count="1" type="stmt"/>
      <line num="90" count="3" type="stmt"/>
    </file>
    <file name="post.ts" path="/home/runner/work/setup-matlab/setup-matlab/src/post.ts">
      <metrics statements="10" coveredstatements="9" conditionals="3" coveredconditionals="3" methods="2" coveredmethods="1"/>
      <line num="3" count="1" type="stmt"/>
      <line num="4" count="1" type="stmt"/>
      <line num="5" count="1" type="stmt"/>
      <line num="7" count="1" type="stmt"/>
      <line num="8" count="4" type="stmt"/>
      <line num="9" count="4" type="stmt"/>
      <line num="10" count="4" type="cond" truecount="3" falsecount="0"/>
      <line num="11" count="1" type="stmt"/>
      <line num="15" count="1" type="stmt"/>
      <line num="16" count="0" type="stmt"/>
    </file>
    <file name="script.ts" path="/home/runner/work/setup-matlab/setup-matlab/src/script.ts">
      <metrics statements="23" coveredstatements="23" conditionals="5" coveredconditionals="5" methods="3" coveredmethods="3"/>
      <line num="3" count="4" type="stmt"/>
      <line num="4" count="4" type="stmt"/>
      <line num="5" count="4" type="stmt"/>
      <line num="6" count="4" type="stmt"/>
      <line num="15" count="4" type="stmt"/>
      <line num="16" count="4" type="stmt"/>
      <line num="17" count="3" type="stmt"/>
      <line num="19" count="3" type="stmt"/>
      <line num="21" count="2" type="cond" truecount="1" falsecount="0"/>
      <line num="22" count="1" type="stmt"/>
      <line num="24" count="1" type="stmt"/>
      <line num="33" count="4" type="stmt"/>
      <line num="35" count="8" type="stmt"/>
      <line num="37" count="8" type="cond" truecount="1" falsecount="0"/>
      <line num="38" count="7" type="stmt"/>
      <line num="39" count="7" type="cond" truecount="1" falsecount="0"/>
      <line num="40" count="2" type="stmt"/>
      <line num="44" count="8" type="stmt"/>
      <line num="47" count="4" type="stmt"/>
      <line num="49" count="3" type="cond" truecount="2" falsecount="0"/>
      <line num="50" count="1" type="stmt"/>
      <line num="52" count="2" type="stmt"/>
      <line num="54" count="3" type="stmt"/>
    </file>
  </project>
</coverage>
