{"/home/runner/work/setup-matlab/setup-matlab/src/cache-restore.ts": {"path":"/home/runner/work/setup-matlab/setup-matlab/src/cache-restore.ts","statementMap":{"0":{"start":{"line":3,"column":0},"end":{"line":3,"column":40}},"1":{"start":{"line":4,"column":0},"end":{"line":4,"column":38}},"2":{"start":{"line":5,"column":0},"end":{"line":5,"column":33}},"3":{"start":{"line":6,"column":0},"end":{"line":6,"column":38}},"4":{"start":{"line":10,"column":24},"end":{"line":10,"column":99}},"5":{"start":{"line":11,"column":22},"end":{"line":11,"column":83}},"6":{"start":{"line":12,"column":23},"end":{"line":12,"column":52}},"7":{"start":{"line":13,"column":23},"end":{"line":13,"column":35}},"8":{"start":{"line":14,"column":4},"end":{"line":16,"column":null}},"9":{"start":{"line":15,"column":8},"end":{"line":15,"column":45}},"10":{"start":{"line":17,"column":41},"end":{"line":17,"column":89}},"11":{"start":{"line":19,"column":4},"end":{"line":19,"column":54}},"12":{"start":{"line":20,"column":4},"end":{"line":20,"column":54}},"13":{"start":{"line":21,"column":4},"end":{"line":21,"column":72}},"14":{"start":{"line":23,"column":4},"end":{"line":26,"column":null}},"15":{"start":{"line":24,"column":8},"end":{"line":24,"column":53}},"16":{"start":{"line":25,"column":8},"end":{"line":25,"column":21}},"17":{"start":{"line":28,"column":4},"end":{"line":28,"column":52}},"18":{"start":{"line":29,"column":4},"end":{"line":29,"column":54}},"19":{"start":{"line":30,"column":4},"end":{"line":30,"column":null}},"20":{"start":{"line":9,"column":0},"end":{"line":9,"column":7}}},"fnMap":{"0":{"name":"restoreMATLAB","decl":{"start":{"line":9,"column":22},"end":{"line":9,"column":35}},"loc":{"start":{"line":9,"column":162},"end":{"line":31,"column":1}}}},"branchMap":{"0":{"loc":{"start":{"line":14,"column":4},"end":{"line":16,"column":null}},"type":"if","locations":[{"start":{"line":14,"column":4},"end":{"line":16,"column":null}}]},"1":{"loc":{"start":{"line":23,"column":4},"end":{"line":26,"column":null}},"type":"if","locations":[{"start":{"line":23,"column":4},"end":{"line":26,"column":null}}]}},"s":{"0":2,"1":2,"2":2,"3":2,"4":2,"5":2,"6":2,"7":2,"8":2,"9":0,"10":2,"11":2,"12":2,"13":2,"14":2,"15":1,"16":1,"17":1,"18":1,"19":1,"20":2},"f":{"0":2},"b":{"0":[0],"1":[1]}}
,"/home/runner/work/setup-matlab/setup-matlab/src/cache-save.ts": {"path":"/home/runner/work/setup-matlab/setup-matlab/src/cache-save.ts","statementMap":{"0":{"start":{"line":3,"column":0},"end":{"line":3,"column":38}},"1":{"start":{"line":4,"column":0},"end":{"line":4,"column":40}},"2":{"start":{"line":5,"column":0},"end":{"line":5,"column":36}},"3":{"start":{"line":8,"column":23},"end":{"line":8,"column":59}},"4":{"start":{"line":9,"column":23},"end":{"line":9,"column":59}},"5":{"start":{"line":10,"column":23},"end":{"line":10,"column":59}},"6":{"start":{"line":11,"column":32},"end":{"line":11,"column":77}},"7":{"start":{"line":14,"column":4},"end":{"line":17,"column":null}},"8":{"start":{"line":15,"column":8},"end":{"line":15,"column":82}},"9":{"start":{"line":16,"column":8},"end":{"line":16,"column":15}},"10":{"start":{"line":19,"column":4},"end":{"line":24,"column":null}},"11":{"start":{"line":20,"column":8},"end":{"line":20,"column":77}},"12":{"start":{"line":21,"column":8},"end":{"line":21,"column":61}},"13":{"start":{"line":23,"column":8},"end":{"line":23,"column":61}},"14":{"start":{"line":7,"column":0},"end":{"line":7,"column":7}}},"fnMap":{"0":{"name":"cacheMATLAB","decl":{"start":{"line":7,"column":22},"end":{"line":7,"column":33}},"loc":{"start":{"line":7,"column":33},"end":{"line":25,"column":1}}}},"branchMap":{"0":{"loc":{"start":{"line":14,"column":4},"end":{"line":17,"column":null}},"type":"if","locations":[{"start":{"line":14,"column":4},"end":{"line":17,"column":null}}]}},"s":{"0":2,"1":2,"2":2,"3":2,"4":2,"5":2,"6":2,"7":2,"8":1,"9":1,"10":1,"11":1,"12":1,"13":0,"14":2},"f":{"0":2},"b":{"0":[1]}}
,"/home/runner/work/setup-matlab/setup-matlab/src/cache-state.ts": {"path":"/home/runner/work/setup-matlab/setup-matlab/src/cache-state.ts","statementMap":{"0":{"start":{"line":3,"column":0},"end":{"line":3,"column":null}},"1":{"start":{"line":4,"column":4},"end":{"line":4,"column":null}},"2":{"start":{"line":5,"column":4},"end":{"line":5,"column":null}},"3":{"start":{"line":6,"column":4},"end":{"line":6,"column":null}},"4":{"start":{"line":7,"column":4},"end":{"line":7,"column":null}}},"fnMap":{"0":{"name":"(anonymous_0)","decl":{"start":{"line":3,"column":0},"end":{"line":3,"column":12}},"loc":{"start":{"line":3,"column":17},"end":{"line":8,"column":1}}}},"branchMap":{"0":{"loc":{"start":{"line":3,"column":12},"end":{"line":3,"column":null}},"type":"binary-expr","locations":[{"start":{"line":3,"column":12},"end":{"line":3,"column":17}},{"start":{"line":3,"column":12},"end":{"line":3,"column":null}}]}},"s":{"0":4,"1":4,"2":4,"3":4,"4":4},"f":{"0":4},"b":{"0":[4,4]}}
,"/home/runner/work/setup-matlab/setup-matlab/src/install-state.ts": {"path":"/home/runner/work/setup-matlab/setup-matlab/src/install-state.ts","statementMap":{"0":{"start":{"line":3,"column":0},"end":{"line":3,"column":null}},"1":{"start":{"line":4,"column":4},"end":{"line":4,"column":null}}},"fnMap":{"0":{"name":"(anonymous_0)","decl":{"start":{"line":3,"column":0},"end":{"line":3,"column":12}},"loc":{"start":{"line":3,"column":17},"end":{"line":5,"column":1}}}},"branchMap":{"0":{"loc":{"start":{"line":3,"column":12},"end":{"line":3,"column":null}},"type":"binary-expr","locations":[{"start":{"line":3,"column":12},"end":{"line":3,"column":17}},{"start":{"line":3,"column":12},"end":{"line":3,"column":null}}]}},"s":{"0":2,"1":2},"f":{"0":2},"b":{"0":[2,2]}}
,"/home/runner/work/setup-matlab/setup-matlab/src/install.ts": {"path":"/home/runner/work/setup-matlab/setup-matlab/src/install.ts","statementMap":{"0":{"start":{"line":3,"column":0},"end":{"line":3,"column":38}},"1":{"start":{"line":4,"column":0},"end":{"line":4,"column":35}},"2":{"start":{"line":5,"column":0},"end":{"line":5,"column":29}},"3":{"start":{"line":6,"column":0},"end":{"line":6,"column":29}},"4":{"start":{"line":7,"column":0},"end":{"line":7,"column":41}},"5":{"start":{"line":8,"column":0},"end":{"line":8,"column":40}},"6":{"start":{"line":23,"column":24},"end":{"line":23,"column":60}},"7":{"start":{"line":24,"column":4},"end":{"line":26,"column":null}},"8":{"start":{"line":25,"column":8},"end":{"line":25,"column":121}},"9":{"start":{"line":29,"column":4},"end":{"line":33,"column":null}},"10":{"start":{"line":30,"column":8},"end":{"line":32,"column":11}},"11":{"start":{"line":31,"column":12},"end":{"line":31,"column":93}},"12":{"start":{"line":35,"column":4},"end":{"line":67,"column":7}},"13":{"start":{"line":36,"column":25},"end":{"line":36,"column":37}},"14":{"start":{"line":37,"column":8},"end":{"line":39,"column":null}},"15":{"start":{"line":38,"column":12},"end":{"line":38,"column":31}},"16":{"start":{"line":41,"column":62},"end":{"line":41,"column":113}},"17":{"start":{"line":42,"column":23},"end":{"line":42,"column":28}},"18":{"start":{"line":44,"column":8},"end":{"line":47,"column":null}},"19":{"start":{"line":45,"column":36},"end":{"line":45,"column":93}},"20":{"start":{"line":46,"column":12},"end":{"line":46,"column":124}},"21":{"start":{"line":49,"column":8},"end":{"line":53,"column":null}},"22":{"start":{"line":50,"column":36},"end":{"line":50,"column":73}},"23":{"start":{"line":51,"column":12},"end":{"line":51,"column":75}},"24":{"start":{"line":52,"column":12},"end":{"line":52,"column":60}},"25":{"start":{"line":55,"column":8},"end":{"line":55,"column":52}},"26":{"start":{"line":56,"column":8},"end":{"line":56,"column":50}},"27":{"start":{"line":58,"column":8},"end":{"line":58,"column":54}},"28":{"start":{"line":60,"column":8},"end":{"line":66,"column":null}},"29":{"start":{"line":61,"column":12},"end":{"line":65,"column":null}},"30":{"start":{"line":62,"column":16},"end":{"line":62,"column":73}},"31":{"start":{"line":64,"column":16},"end":{"line":64,"column":73}},"32":{"start":{"line":69,"column":4},"end":{"line":69,"column":11}},"33":{"start":{"line":22,"column":0},"end":{"line":22,"column":7}}},"fnMap":{"0":{"name":"install","decl":{"start":{"line":22,"column":22},"end":{"line":22,"column":29}},"loc":{"start":{"line":22,"column":124},"end":{"line":70,"column":1}}},"1":{"name":"(anonymous_7)","decl":{"start":{"line":30,"column":56},"end":{"line":30,"column":61}},"loc":{"start":{"line":30,"column":67},"end":{"line":32,"column":9}}},"2":{"name":"(anonymous_8)","decl":{"start":{"line":35,"column":42},"end":{"line":35,"column":47}},"loc":{"start":{"line":35,"column":53},"end":{"line":67,"column":5}}}},"branchMap":{"0":{"loc":{"start":{"line":24,"column":4},"end":{"line":26,"column":null}},"type":"if","locations":[{"start":{"line":24,"column":4},"end":{"line":26,"column":null}}]},"1":{"loc":{"start":{"line":29,"column":4},"end":{"line":33,"column":null}},"type":"if","locations":[{"start":{"line":29,"column":4},"end":{"line":33,"column":null}}]},"2":{"loc":{"start":{"line":29,"column":8},"end":{"line":29,"column":106}},"type":"binary-expr","locations":[{"start":{"line":29,"column":8},"end":{"line":29,"column":61}},{"start":{"line":29,"column":65},"end":{"line":29,"column":106}}]},"3":{"loc":{"start":{"line":37,"column":8},"end":{"line":39,"column":null}},"type":"if","locations":[{"start":{"line":37,"column":8},"end":{"line":39,"column":null}}]},"4":{"loc":{"start":{"line":37,"column":12},"end":{"line":37,"column":92}},"type":"binary-expr","locations":[{"start":{"line":37,"column":12},"end":{"line":37,"column":33}},{"start":{"line":37,"column":37},"end":{"line":37,"column":61}},{"start":{"line":37,"column":65},"end":{"line":37,"column":92}}]},"5":{"loc":{"start":{"line":44,"column":8},"end":{"line":47,"column":null}},"type":"if","locations":[{"start":{"line":44,"column":8},"end":{"line":47,"column":null}}]},"6":{"loc":{"start":{"line":49,"column":8},"end":{"line":53,"column":null}},"type":"if","locations":[{"start":{"line":49,"column":8},"end":{"line":53,"column":null}}]},"7":{"loc":{"start":{"line":49,"column":12},"end":{"line":49,"column":39}},"type":"binary-expr","locations":[{"start":{"line":49,"column":12},"end":{"line":49,"column":26}},{"start":{"line":49,"column":30},"end":{"line":49,"column":39}}]},"8":{"loc":{"start":{"line":60,"column":8},"end":{"line":66,"column":null}},"type":"if","locations":[{"start":{"line":60,"column":8},"end":{"line":66,"column":null}}]},"9":{"loc":{"start":{"line":61,"column":12},"end":{"line":65,"column":null}},"type":"if","locations":[{"start":{"line":61,"column":12},"end":{"line":65,"column":null}},{"start":{"line":63,"column":19},"end":{"line":65,"column":null}}]}},"s":{"0":1,"1":1,"2":1,"3":1,"4":1,"5":1,"6":14,"7":13,"8":1,"9":12,"10":11,"11":11,"12":11,"13":11,"14":11,"15":1,"16":11,"17":11,"18":11,"19":3,"20":3,"21":11,"22":9,"23":9,"24":8,"25":10,"26":10,"27":10,"28":9,"29":1,"30":0,"31":1,"32":9,"33":1},"f":{"0":14,"1":11,"2":11},"b":{"0":[1],"1":[11],"2":[12,11],"3":[1],"4":[11,1,1],"5":[3],"6":[9],"7":[11,10],"8":[1],"9":[0,1]}}
,"/home/runner/work/setup-matlab/setup-matlab/src/matlab.ts": {"path":"/home/runner/work/setup-matlab/setup-matlab/src/matlab.ts","statementMap":{"0":{"start":{"line":3,"column":0},"end":{"line":3,"column":38}},"1":{"start":{"line":4,"column":0},"end":{"line":4,"column":38}},"2":{"start":{"line":5,"column":0},"end":{"line":5,"column":45}},"3":{"start":{"line":6,"column":0},"end":{"line":6,"column":34}},"4":{"start":{"line":7,"column":0},"end":{"line":7,"column":42}},"5":{"start":{"line":8,"column":0},"end":{"line":8,"column":25}},"6":{"start":{"line":9,"column":0},"end":{"line":9,"column":29}},"7":{"start":{"line":10,"column":0},"end":{"line":10,"column":29}},"8":{"start":{"line":11,"column":0},"end":{"line":11,"column":43}},"9":{"start":{"line":12,"column":0},"end":{"line":12,"column":35}},"10":{"start":{"line":22,"column":27},"end":{"line":22,"column":61}},"11":{"start":{"line":23,"column":24},"end":{"line":23,"column":29}},"12":{"start":{"line":24,"column":4},"end":{"line":29,"column":null}},"13":{"start":{"line":25,"column":8},"end":{"line":25,"column":75}},"14":{"start":{"line":26,"column":8},"end":{"line":26,"column":29}},"15":{"start":{"line":28,"column":8},"end":{"line":28,"column":61}},"16":{"start":{"line":30,"column":4},"end":{"line":32,"column":null}},"17":{"start":{"line":31,"column":8},"end":{"line":31,"column":44}},"18":{"start":{"line":33,"column":4},"end":{"line":33,"column":null}},"19":{"start":{"line":21,"column":0},"end":{"line":21,"column":7}},"20":{"start":{"line":38,"column":4},"end":{"line":43,"column":null}},"21":{"start":{"line":39,"column":8},"end":{"line":40,"column":67}},"22":{"start":{"line":40,"column":31},"end":{"line":40,"column":65}},"23":{"start":{"line":42,"column":8},"end":{"line":42,"column":58}},"24":{"start":{"line":44,"column":4},"end":{"line":44,"column":24}},"25":{"start":{"line":49,"column":4},"end":{"line":51,"column":null}},"26":{"start":{"line":50,"column":8},"end":{"line":50,"column":32}},"27":{"start":{"line":53,"column":33},"end":{"line":53,"column":65}},"28":{"start":{"line":54,"column":4},"end":{"line":56,"column":null}},"29":{"start":{"line":55,"column":8},"end":{"line":55,"column":32}},"30":{"start":{"line":59,"column":4},"end":{"line":61,"column":null}},"31":{"start":{"line":60,"column":8},"end":{"line":60,"column":32}},"32":{"start":{"line":63,"column":32},"end":{"line":63,"column":92}},"33":{"start":{"line":64,"column":4},"end":{"line":64,"column":59}},"34":{"start":{"line":66,"column":4},"end":{"line":89,"column":null}},"35":{"start":{"line":68,"column":8},"end":{"line":68,"column":38}},"36":{"start":{"line":69,"column":33},"end":{"line":69,"column":96}},"37":{"start":{"line":70,"column":8},"end":{"line":70,"column":31}},"38":{"start":{"line":71,"column":34},"end":{"line":71,"column":103}},"39":{"start":{"line":74,"column":8},"end":{"line":74,"column":43}},"40":{"start":{"line":77,"column":8},"end":{"line":77,"column":75}},"41":{"start":{"line":78,"column":8},"end":{"line":78,"column":76}},"42":{"start":{"line":81,"column":44},"end":{"line":81,"column":76}},"43":{"start":{"line":82,"column":45},"end":{"line":82,"column":78}},"44":{"start":{"line":83,"column":8},"end":{"line":83,"column":52}},"45":{"start":{"line":84,"column":8},"end":{"line":84,"column":90}},"46":{"start":{"line":86,"column":8},"end":{"line":86,"column":34}},"47":{"start":{"line":88,"column":8},"end":{"line":88,"column":64}},"48":{"start":{"line":93,"column":4},"end":{"line":93,"column":34}},"49":{"start":{"line":94,"column":19},"end":{"line":94,"column":82}},"50":{"start":{"line":95,"column":4},"end":{"line":95,"column":27}},"51":{"start":{"line":96,"column":4},"end":{"line":96,"column":null}},"52":{"start":{"line":100,"column":4},"end":{"line":102,"column":null}},"53":{"start":{"line":101,"column":8},"end":{"line":101,"column":132}},"54":{"start":{"line":105,"column":33},"end":{"line":105,"column":35}},"55":{"start":{"line":106,"column":4},"end":{"line":123,"column":null}},"56":{"start":{"line":108,"column":12},"end":{"line":108,"column":36}},"57":{"start":{"line":109,"column":12},"end":{"line":109,"column":86}},"58":{"start":{"line":110,"column":12},"end":{"line":110,"column":18}},"59":{"start":{"line":112,"column":12},"end":{"line":112,"column":84}},"60":{"start":{"line":113,"column":12},"end":{"line":113,"column":18}},"61":{"start":{"line":115,"column":12},"end":{"line":119,"column":null}},"62":{"start":{"line":116,"column":16},"end":{"line":116,"column":87}},"63":{"start":{"line":118,"column":16},"end":{"line":118,"column":87}},"64":{"start":{"line":120,"column":12},"end":{"line":120,"column":18}},"65":{"start":{"line":122,"column":12},"end":{"line":122,"column":97}},"66":{"start":{"line":125,"column":30},"end":{"line":125,"column":67}},"67":{"start":{"line":126,"column":21},"end":{"line":126,"column":107}},"68":{"start":{"line":127,"column":4},"end":{"line":127,"column":29}},"69":{"start":{"line":128,"column":4},"end":{"line":133,"column":null}},"70":{"start":{"line":129,"column":25},"end":{"line":129,"column":108}},"71":{"start":{"line":130,"column":8},"end":{"line":132,"column":null}},"72":{"start":{"line":131,"column":12},"end":{"line":131,"column":84}},"73":{"start":{"line":134,"column":4},"end":{"line":134,"column":10}},"74":{"start":{"line":99,"column":0},"end":{"line":99,"column":7}},"75":{"start":{"line":140,"column":32},"end":{"line":140,"column":37}},"76":{"start":{"line":141,"column":27},"end":{"line":141,"column":55}},"77":{"start":{"line":142,"column":4},"end":{"line":157,"column":null}},"78":{"start":{"line":143,"column":8},"end":{"line":150,"column":null}},"79":{"start":{"line":144,"column":44},"end":{"line":144,"column":117}},"80":{"start":{"line":145,"column":31},"end":{"line":145,"column":102}},"81":{"start":{"line":146,"column":12},"end":{"line":146,"column":47}},"82":{"start":{"line":149,"column":12},"end":{"line":149,"column":178}},"83":{"start":{"line":152,"column":26},"end":{"line":152,"column":64}},"84":{"start":{"line":153,"column":8},"end":{"line":155,"column":null}},"85":{"start":{"line":154,"column":12},"end":{"line":154,"column":130}},"86":{"start":{"line":156,"column":8},"end":{"line":156,"column":28}},"87":{"start":{"line":160,"column":17},"end":{"line":160,"column":32}},"88":{"start":{"line":161,"column":23},"end":{"line":161,"column":48}},"89":{"start":{"line":162,"column":24},"end":{"line":162,"column":62}},"90":{"start":{"line":163,"column":18},"end":{"line":163,"column":41}},"91":{"start":{"line":165,"column":4},"end":{"line":181,"column":null}},"92":{"start":{"line":166,"column":8},"end":{"line":166,"column":null}},"93":{"start":{"line":167,"column":8},"end":{"line":167,"column":35}},"94":{"start":{"line":170,"column":8},"end":{"line":173,"column":null}},"95":{"start":{"line":171,"column":34},"end":{"line":171,"column":66}},"96":{"start":{"line":172,"column":12},"end":{"line":172,"column":97}},"97":{"start":{"line":174,"column":8},"end":{"line":174,"column":20}},"98":{"start":{"line":175,"column":8},"end":{"line":175,"column":null}},"99":{"start":{"line":176,"column":8},"end":{"line":180,"column":null}},"100":{"start":{"line":177,"column":12},"end":{"line":177,"column":null}},"101":{"start":{"line":178,"column":12},"end":{"line":178,"column":37}},"102":{"start":{"line":179,"column":12},"end":{"line":179,"column":32}},"103":{"start":{"line":183,"column":4},"end":{"line":188,"column":null}},"104":{"start":{"line":137,"column":0},"end":{"line":137,"column":7}},"105":{"start":{"line":193,"column":29},"end":{"line":193,"column":88}},"106":{"start":{"line":194,"column":4},"end":{"line":204,"column":null}},"107":{"start":{"line":196,"column":12},"end":{"line":196,"column":113}},"108":{"start":{"line":197,"column":12},"end":{"line":197,"column":18}},"109":{"start":{"line":200,"column":12},"end":{"line":200,"column":116}},"110":{"start":{"line":201,"column":12},"end":{"line":201,"column":18}},"111":{"start":{"line":203,"column":12},"end":{"line":203,"column":74}},"112":{"start":{"line":205,"column":4},"end":{"line":205,"column":30}},"113":{"start":{"line":191,"column":0},"end":{"line":191,"column":16}},"114":{"start":{"line":209,"column":4},"end":{"line":217,"column":null}},"115":{"start":{"line":210,"column":8},"end":{"line":210,"column":90}},"116":{"start":{"line":211,"column":11},"end":{"line":217,"column":null}},"117":{"start":{"line":212,"column":8},"end":{"line":216,"column":null}},"118":{"start":{"line":213,"column":12},"end":{"line":213,"column":48}},"119":{"start":{"line":215,"column":12},"end":{"line":215,"column":44}},"120":{"start":{"line":208,"column":0},"end":{"line":208,"column":7}},"121":{"start":{"line":221,"column":21},"end":{"line":221,"column":96}},"122":{"start":{"line":222,"column":4},"end":{"line":224,"column":null}},"123":{"start":{"line":223,"column":8},"end":{"line":223,"column":69}},"124":{"start":{"line":228,"column":20},"end":{"line":228,"column":74}},"125":{"start":{"line":229,"column":4},"end":{"line":229,"column":27}},"126":{"start":{"line":230,"column":16},"end":{"line":230,"column":77}},"127":{"start":{"line":231,"column":21},"end":{"line":231,"column":78}},"128":{"start":{"line":232,"column":4},"end":{"line":234,"column":null}},"129":{"start":{"line":233,"column":8},"end":{"line":233,"column":72}}},"fnMap":{"0":{"name":"getToolcacheDir","decl":{"start":{"line":21,"column":22},"end":{"line":21,"column":37}},"loc":{"start":{"line":21,"column":72},"end":{"line":34,"column":1}}},"1":{"name":"makeToolcacheDir","decl":{"start":{"line":36,"column":15},"end":{"line":36,"column":31}},"loc":{"start":{"line":36,"column":66},"end":{"line":45,"column":1}}},"2":{"name":"(anonymous_9)","decl":{"start":{"line":40,"column":19},"end":{"line":40,"column":24}},"loc":{"start":{"line":40,"column":31},"end":{"line":40,"column":65}}},"3":{"name":"makeWindowsHostedToolpath","decl":{"start":{"line":47,"column":15},"end":{"line":47,"column":40}},"loc":{"start":{"line":47,"column":57},"end":{"line":90,"column":1}}},"4":{"name":"makeDefaultToolpath","decl":{"start":{"line":92,"column":15},"end":{"line":92,"column":34}},"loc":{"start":{"line":92,"column":51},"end":{"line":97,"column":1}}},"5":{"name":"setupBatch","decl":{"start":{"line":99,"column":22},"end":{"line":99,"column":32}},"loc":{"start":{"line":99,"column":71},"end":{"line":135,"column":1}}},"6":{"name":"getReleaseInfo","decl":{"start":{"line":137,"column":22},"end":{"line":137,"column":36}},"loc":{"start":{"line":137,"column":52},"end":{"line":189,"column":1}}},"7":{"name":"getSupportPackagesPath","decl":{"start":{"line":191,"column":16},"end":{"line":191,"column":38}},"loc":{"start":{"line":191,"column":72},"end":{"line":206,"column":1}}},"8":{"name":"installSystemDependencies","decl":{"start":{"line":208,"column":22},"end":{"line":208,"column":47}},"loc":{"start":{"line":208,"column":103},"end":{"line":218,"column":1}}},"9":{"name":"installAppleSiliconRosetta","decl":{"start":{"line":220,"column":15},"end":{"line":220,"column":41}},"loc":{"start":{"line":220,"column":41},"end":{"line":225,"column":1}}},"10":{"name":"installAppleSiliconJdk","decl":{"start":{"line":227,"column":15},"end":{"line":227,"column":37}},"loc":{"start":{"line":227,"column":37},"end":{"line":235,"column":1}}}},"branchMap":{"0":{"loc":{"start":{"line":24,"column":4},"end":{"line":29,"column":null}},"type":"if","locations":[{"start":{"line":24,"column":4},"end":{"line":29,"column":null}},{"start":{"line":27,"column":11},"end":{"line":29,"column":null}}]},"1":{"loc":{"start":{"line":30,"column":4},"end":{"line":32,"column":null}},"type":"if","locations":[{"start":{"line":30,"column":4},"end":{"line":32,"column":null}}]},"2":{"loc":{"start":{"line":38,"column":4},"end":{"line":43,"column":null}},"type":"if","locations":[{"start":{"line":38,"column":4},"end":{"line":43,"column":null}},{"start":{"line":41,"column":11},"end":{"line":43,"column":null}}]},"3":{"loc":{"start":{"line":49,"column":4},"end":{"line":51,"column":null}},"type":"if","locations":[{"start":{"line":49,"column":4},"end":{"line":51,"column":null}}]},"4":{"loc":{"start":{"line":49,"column":8},"end":{"line":49,"column":106}},"type":"binary-expr","locations":[{"start":{"line":49,"column":8},"end":{"line":49,"column":61}},{"start":{"line":49,"column":65},"end":{"line":49,"column":106}}]},"5":{"loc":{"start":{"line":54,"column":4},"end":{"line":56,"column":null}},"type":"if","locations":[{"start":{"line":54,"column":4},"end":{"line":56,"column":null}}]},"6":{"loc":{"start":{"line":59,"column":4},"end":{"line":61,"column":null}},"type":"if","locations":[{"start":{"line":59,"column":4},"end":{"line":61,"column":null}}]},"7":{"loc":{"start":{"line":59,"column":8},"end":{"line":59,"column":56}},"type":"binary-expr","locations":[{"start":{"line":59,"column":8},"end":{"line":59,"column":30}},{"start":{"line":59,"column":34},"end":{"line":59,"column":56}}]},"8":{"loc":{"start":{"line":100,"column":4},"end":{"line":102,"column":null}},"type":"if","locations":[{"start":{"line":100,"column":4},"end":{"line":102,"column":null}}]},"9":{"loc":{"start":{"line":100,"column":8},"end":{"line":100,"column":83}},"type":"binary-expr","locations":[{"start":{"line":100,"column":8},"end":{"line":100,"column":29}},{"start":{"line":100,"column":33},"end":{"line":100,"column":83}}]},"10":{"loc":{"start":{"line":100,"column":35},"end":{"line":100,"column":82}},"type":"binary-expr","locations":[{"start":{"line":100,"column":35},"end":{"line":100,"column":55}},{"start":{"line":100,"column":59},"end":{"line":100,"column":82}}]},"11":{"loc":{"start":{"line":106,"column":4},"end":{"line":123,"column":null}},"type":"switch","locations":[{"start":{"line":107,"column":8},"end":{"line":110,"column":18}},{"start":{"line":111,"column":8},"end":{"line":113,"column":18}},{"start":{"line":114,"column":8},"end":{"line":120,"column":18}},{"start":{"line":121,"column":8},"end":{"line":122,"column":97}}]},"12":{"loc":{"start":{"line":115,"column":12},"end":{"line":119,"column":null}},"type":"if","locations":[{"start":{"line":115,"column":12},"end":{"line":119,"column":null}},{"start":{"line":117,"column":19},"end":{"line":119,"column":null}}]},"13":{"loc":{"start":{"line":128,"column":4},"end":{"line":133,"column":null}},"type":"if","locations":[{"start":{"line":128,"column":4},"end":{"line":133,"column":null}}]},"14":{"loc":{"start":{"line":130,"column":8},"end":{"line":132,"column":null}},"type":"if","locations":[{"start":{"line":130,"column":8},"end":{"line":132,"column":null}}]},"15":{"loc":{"start":{"line":142,"column":4},"end":{"line":157,"column":null}},"type":"if","locations":[{"start":{"line":142,"column":4},"end":{"line":157,"column":null}},{"start":{"line":151,"column":11},"end":{"line":157,"column":null}}]},"16":{"loc":{"start":{"line":142,"column":8},"end":{"line":142,"column":87}},"type":"binary-expr","locations":[{"start":{"line":142,"column":8},"end":{"line":142,"column":35}},{"start":{"line":142,"column":39},"end":{"line":142,"column":87}}]},"17":{"loc":{"start":{"line":153,"column":8},"end":{"line":155,"column":null}},"type":"if","locations":[{"start":{"line":153,"column":8},"end":{"line":155,"column":null}}]},"18":{"loc":{"start":{"line":161,"column":23},"end":{"line":161,"column":48}},"type":"cond-expr","locations":[{"start":{"line":161,"column":40},"end":{"line":161,"column":43}},{"start":{"line":161,"column":45},"end":{"line":161,"column":48}}]},"19":{"loc":{"start":{"line":165,"column":4},"end":{"line":181,"column":null}},"type":"if","locations":[{"start":{"line":165,"column":4},"end":{"line":181,"column":null}},{"start":{"line":168,"column":11},"end":{"line":181,"column":null}}]},"20":{"loc":{"start":{"line":170,"column":8},"end":{"line":173,"column":null}},"type":"if","locations":[{"start":{"line":170,"column":8},"end":{"line":173,"column":null}}]},"21":{"loc":{"start":{"line":170,"column":12},"end":{"line":170,"column":118}},"type":"binary-expr","locations":[{"start":{"line":170,"column":12},"end":{"line":170,"column":35}},{"start":{"line":170,"column":39},"end":{"line":170,"column":66}},{"start":{"line":170,"column":70},"end":{"line":170,"column":118}}]},"22":{"loc":{"start":{"line":176,"column":8},"end":{"line":180,"column":null}},"type":"if","locations":[{"start":{"line":176,"column":8},"end":{"line":180,"column":null}}]},"23":{"loc":{"start":{"line":194,"column":4},"end":{"line":204,"column":null}},"type":"switch","locations":[{"start":{"line":195,"column":8},"end":{"line":197,"column":18}},{"start":{"line":198,"column":8},"end":{"line":198,"column":21}},{"start":{"line":199,"column":8},"end":{"line":201,"column":18}},{"start":{"line":202,"column":8},"end":{"line":203,"column":74}}]},"24":{"loc":{"start":{"line":209,"column":4},"end":{"line":217,"column":null}},"type":"if","locations":[{"start":{"line":209,"column":4},"end":{"line":217,"column":null}},{"start":{"line":211,"column":11},"end":{"line":217,"column":null}}]},"25":{"loc":{"start":{"line":211,"column":11},"end":{"line":217,"column":null}},"type":"if","locations":[{"start":{"line":211,"column":11},"end":{"line":217,"column":null}}]},"26":{"loc":{"start":{"line":211,"column":15},"end":{"line":211,"column":64}},"type":"binary-expr","locations":[{"start":{"line":211,"column":15},"end":{"line":211,"column":36}},{"start":{"line":211,"column":40},"end":{"line":211,"column":64}}]},"27":{"loc":{"start":{"line":212,"column":8},"end":{"line":216,"column":null}},"type":"if","locations":[{"start":{"line":212,"column":8},"end":{"line":216,"column":null}},{"start":{"line":214,"column":15},"end":{"line":216,"column":null}}]},"28":{"loc":{"start":{"line":222,"column":4},"end":{"line":224,"column":null}},"type":"if","locations":[{"start":{"line":222,"column":4},"end":{"line":224,"column":null}}]},"29":{"loc":{"start":{"line":228,"column":30},"end":{"line":228,"column":62}},"type":"binary-expr","locations":[{"start":{"line":228,"column":30},"end":{"line":228,"column":56}},{"start":{"line":228,"column":60},"end":{"line":228,"column":62}}]},"30":{"loc":{"start":{"line":232,"column":4},"end":{"line":234,"column":null}},"type":"if","locations":[{"start":{"line":232,"column":4},"end":{"line":234,"column":null}}]}},"s":{"0":2,"1":2,"2":2,"3":2,"4":2,"5":2,"6":2,"7":2,"8":2,"9":2,"10":8,"11":8,"12":8,"13":1,"14":1,"15":7,"16":8,"17":1,"18":8,"19":2,"20":7,"21":5,"22":4,"23":2,"24":7,"25":5,"26":1,"27":4,"28":4,"29":1,"30":3,"31":2,"32":1,"33":1,"34":1,"35":1,"36":1,"37":1,"38":1,"39":1,"40":1,"41":1,"42":1,"43":1,"44":1,"45":1,"46":1,"47":1,"48":6,"49":6,"50":6,"51":6,"52":9,"53":1,"54":8,"55":8,"56":1,"57":1,"58":1,"59":4,"60":4,"61":2,"62":1,"63":1,"64":2,"65":1,"66":7,"67":6,"68":6,"69":6,"70":5,"71":5,"72":1,"73":5,"74":2,"75":9,"76":9,"77":9,"78":3,"79":3,"80":3,"81":3,"82":1,"83":6,"84":6,"85":1,"86":5,"87":7,"88":7,"89":7,"90":7,"91":7,"92":1,"93":1,"94":6,"95":1,"96":1,"97":5,"98":5,"99":5,"100":1,"101":1,"102":1,"103":6,"104":2,"105":0,"106":0,"107":0,"108":0,"109":0,"110":0,"111":0,"112":0,"113":2,"114":7,"115":1,"116":6,"117":4,"118":1,"119":3,"120":2,"121":1,"122":1,"123":0,"124":3,"125":3,"126":3,"127":2,"128":2,"129":1},"f":{"0":8,"1":7,"2":4,"3":5,"4":6,"5":9,"6":9,"7":0,"8":7,"9":1,"10":3},"b":{"0":[1,7],"1":[1],"2":[5,2],"3":[1],"4":[5,1],"5":[1],"6":[2],"7":[3,2],"8":[1],"9":[9,2],"10":[2,1],"11":[1,4,2,1],"12":[1,1],"13":[5],"14":[1],"15":[3,6],"16":[9,7],"17":[1],"18":[1,6],"19":[1,6],"20":[1],"21":[6,3,2],"22":[1],"23":[0,0,0,0],"24":[1,6],"25":[4],"26":[6,5],"27":[1,3],"28":[0],"29":[3,0],"30":[1]}}
,"/home/runner/work/setup-matlab/setup-matlab/src/mpm.ts": {"path":"/home/runner/work/setup-matlab/setup-matlab/src/mpm.ts","statementMap":{"0":{"start":{"line":3,"column":0},"end":{"line":3,"column":38}},"1":{"start":{"line":4,"column":0},"end":{"line":4,"column":42}},"2":{"start":{"line":5,"column":0},"end":{"line":5,"column":33}},"3":{"start":{"line":6,"column":0},"end":{"line":6,"column":29}},"4":{"start":{"line":7,"column":0},"end":{"line":7,"column":25}},"5":{"start":{"line":9,"column":0},"end":{"line":9,"column":43}},"6":{"start":{"line":13,"column":14},"end":{"line":13,"column":16}},"7":{"start":{"line":14,"column":4},"end":{"line":16,"column":null}},"8":{"start":{"line":15,"column":8},"end":{"line":15,"column":132}},"9":{"start":{"line":17,"column":4},"end":{"line":34,"column":null}},"10":{"start":{"line":19,"column":12},"end":{"line":19,"column":57}},"11":{"start":{"line":20,"column":12},"end":{"line":20,"column":25}},"12":{"start":{"line":21,"column":12},"end":{"line":21,"column":18}},"13":{"start":{"line":23,"column":12},"end":{"line":23,"column":59}},"14":{"start":{"line":24,"column":12},"end":{"line":24,"column":18}},"15":{"start":{"line":26,"column":12},"end":{"line":30,"column":null}},"16":{"start":{"line":27,"column":16},"end":{"line":27,"column":62}},"17":{"start":{"line":29,"column":16},"end":{"line":29,"column":62}},"18":{"start":{"line":31,"column":12},"end":{"line":31,"column":18}},"19":{"start":{"line":33,"column":12},"end":{"line":33,"column":136}},"20":{"start":{"line":36,"column":22},"end":{"line":36,"column":48}},"21":{"start":{"line":37,"column":4},"end":{"line":39,"column":null}},"22":{"start":{"line":38,"column":8},"end":{"line":38,"column":83}},"23":{"start":{"line":40,"column":18},"end":{"line":40,"column":53}},"24":{"start":{"line":43,"column":4},"end":{"line":49,"column":null}},"25":{"start":{"line":44,"column":8},"end":{"line":48,"column":null}},"26":{"start":{"line":45,"column":12},"end":{"line":45,"column":35}},"27":{"start":{"line":47,"column":12},"end":{"line":47,"column":87}},"28":{"start":{"line":51,"column":22},"end":{"line":51,"column":60}},"29":{"start":{"line":53,"column":4},"end":{"line":58,"column":null}},"30":{"start":{"line":54,"column":25},"end":{"line":54,"column":61}},"31":{"start":{"line":55,"column":8},"end":{"line":57,"column":null}},"32":{"start":{"line":56,"column":12},"end":{"line":56,"column":66}},"33":{"start":{"line":59,"column":4},"end":{"line":59,"column":null}},"34":{"start":{"line":11,"column":0},"end":{"line":11,"column":7}},"35":{"start":{"line":63,"column":23},"end":{"line":63,"column":52}},"36":{"start":{"line":65,"column":25},"end":{"line":65,"column":63}},"37":{"start":{"line":65,"column":47},"end":{"line":65,"column":62}},"38":{"start":{"line":67,"column":4},"end":{"line":67,"column":34}},"39":{"start":{"line":69,"column":4},"end":{"line":69,"column":50}},"40":{"start":{"line":71,"column":33},"end":{"line":75,"column":null}},"41":{"start":{"line":76,"column":4},"end":{"line":78,"column":null}},"42":{"start":{"line":77,"column":8},"end":{"line":77,"column":76}},"43":{"start":{"line":79,"column":4},"end":{"line":79,"column":72}},"44":{"start":{"line":81,"column":21},"end":{"line":85,"column":6}},"45":{"start":{"line":83,"column":8},"end":{"line":83,"column":32}},"46":{"start":{"line":84,"column":8},"end":{"line":84,"column":16}},"47":{"start":{"line":86,"column":4},"end":{"line":89,"column":null}},"48":{"start":{"line":87,"column":8},"end":{"line":87,"column":32}},"49":{"start":{"line":88,"column":8},"end":{"line":88,"column":85}},"50":{"start":{"line":90,"column":4},"end":{"line":90,"column":10}},"51":{"start":{"line":62,"column":0},"end":{"line":62,"column":7}}},"fnMap":{"0":{"name":"setup","decl":{"start":{"line":11,"column":22},"end":{"line":11,"column":27}},"loc":{"start":{"line":11,"column":66},"end":{"line":60,"column":1}}},"1":{"name":"install","decl":{"start":{"line":62,"column":22},"end":{"line":62,"column":29}},"loc":{"start":{"line":62,"column":111},"end":{"line":91,"column":1}}},"2":{"name":"(anonymous_9)","decl":{"start":{"line":65,"column":42},"end":{"line":65,"column":43}},"loc":{"start":{"line":65,"column":47},"end":{"line":65,"column":62}}},"3":{"name":"(anonymous_10)","decl":{"start":{"line":81,"column":66},"end":{"line":81,"column":71}},"loc":{"start":{"line":81,"column":76},"end":{"line":85,"column":5}}}},"branchMap":{"0":{"loc":{"start":{"line":14,"column":4},"end":{"line":16,"column":null}},"type":"if","locations":[{"start":{"line":14,"column":4},"end":{"line":16,"column":null}}]},"1":{"loc":{"start":{"line":14,"column":8},"end":{"line":14,"column":83}},"type":"binary-expr","locations":[{"start":{"line":14,"column":8},"end":{"line":14,"column":29}},{"start":{"line":14,"column":33},"end":{"line":14,"column":83}}]},"2":{"loc":{"start":{"line":14,"column":35},"end":{"line":14,"column":82}},"type":"binary-expr","locations":[{"start":{"line":14,"column":35},"end":{"line":14,"column":55}},{"start":{"line":14,"column":59},"end":{"line":14,"column":82}}]},"3":{"loc":{"start":{"line":17,"column":4},"end":{"line":34,"column":null}},"type":"switch","locations":[{"start":{"line":18,"column":8},"end":{"line":21,"column":18}},{"start":{"line":22,"column":8},"end":{"line":24,"column":18}},{"start":{"line":25,"column":8},"end":{"line":31,"column":18}},{"start":{"line":32,"column":8},"end":{"line":33,"column":136}}]},"4":{"loc":{"start":{"line":26,"column":12},"end":{"line":30,"column":null}},"type":"if","locations":[{"start":{"line":26,"column":12},"end":{"line":30,"column":null}},{"start":{"line":28,"column":19},"end":{"line":30,"column":null}}]},"5":{"loc":{"start":{"line":37,"column":4},"end":{"line":39,"column":null}},"type":"if","locations":[{"start":{"line":37,"column":4},"end":{"line":39,"column":null}}]},"6":{"loc":{"start":{"line":43,"column":4},"end":{"line":49,"column":null}},"type":"if","locations":[{"start":{"line":43,"column":4},"end":{"line":49,"column":null}}]},"7":{"loc":{"start":{"line":53,"column":4},"end":{"line":58,"column":null}},"type":"if","locations":[{"start":{"line":53,"column":4},"end":{"line":58,"column":null}}]},"8":{"loc":{"start":{"line":55,"column":8},"end":{"line":57,"column":null}},"type":"if","locations":[{"start":{"line":55,"column":8},"end":{"line":57,"column":null}}]},"9":{"loc":{"start":{"line":76,"column":4},"end":{"line":78,"column":null}},"type":"if","locations":[{"start":{"line":76,"column":4},"end":{"line":78,"column":null}}]},"10":{"loc":{"start":{"line":86,"column":4},"end":{"line":89,"column":null}},"type":"if","locations":[{"start":{"line":86,"column":4},"end":{"line":89,"column":null}}]}},"s":{"0":2,"1":2,"2":2,"3":2,"4":2,"5":2,"6":9,"7":9,"8":1,"9":8,"10":1,"11":1,"12":1,"13":4,"14":4,"15":2,"16":1,"17":1,"18":2,"19":1,"20":7,"21":7,"22":1,"23":6,"24":6,"25":0,"26":0,"27":0,"28":6,"29":5,"30":4,"31":4,"32":1,"33":4,"34":2,"35":5,"36":5,"37":9,"38":5,"39":5,"40":5,"41":5,"42":1,"43":5,"44":5,"45":1,"46":1,"47":4,"48":1,"49":1,"50":3,"51":2},"f":{"0":9,"1":5,"2":9,"3":1},"b":{"0":[1],"1":[9,2],"2":[2,1],"3":[1,4,2,1],"4":[1,1],"5":[1],"6":[0],"7":[4],"8":[1],"9":[1],"10":[1]}}
,"/home/runner/work/setup-matlab/setup-matlab/src/post.ts": {"path":"/home/runner/work/setup-matlab/setup-matlab/src/post.ts","statementMap":{"0":{"start":{"line":3,"column":0},"end":{"line":3,"column":38}},"1":{"start":{"line":4,"column":0},"end":{"line":4,"column":43}},"2":{"start":{"line":5,"column":0},"end":{"line":5,"column":40}},"3":{"start":{"line":8,"column":18},"end":{"line":8,"column":47}},"4":{"start":{"line":9,"column":30},"end":{"line":9,"column":68}},"5":{"start":{"line":10,"column":4},"end":{"line":12,"column":null}},"6":{"start":{"line":11,"column":8},"end":{"line":11,"column":28}},"7":{"start":{"line":7,"column":0},"end":{"line":7,"column":7}},"8":{"start":{"line":15,"column":0},"end":{"line":17,"column":3}},"9":{"start":{"line":16,"column":4},"end":{"line":16,"column":18}}},"fnMap":{"0":{"name":"run","decl":{"start":{"line":7,"column":22},"end":{"line":7,"column":25}},"loc":{"start":{"line":7,"column":25},"end":{"line":13,"column":1}}},"1":{"name":"(anonymous_7)","decl":{"start":{"line":15,"column":12},"end":{"line":15,"column":13}},"loc":{"start":{"line":15,"column":18},"end":{"line":17,"column":1}}}},"branchMap":{"0":{"loc":{"start":{"line":10,"column":4},"end":{"line":12,"column":null}},"type":"if","locations":[{"start":{"line":10,"column":4},"end":{"line":12,"column":null}}]},"1":{"loc":{"start":{"line":10,"column":8},"end":{"line":10,"column":45}},"type":"binary-expr","locations":[{"start":{"line":10,"column":8},"end":{"line":10,"column":13}},{"start":{"line":10,"column":17},"end":{"line":10,"column":45}}]}},"s":{"0":1,"1":1,"2":1,"3":4,"4":4,"5":4,"6":1,"7":1,"8":1,"9":0},"f":{"0":4,"1":0},"b":{"0":[1],"1":[4,2]}}
,"/home/runner/work/setup-matlab/setup-matlab/src/script.ts": {"path":"/home/runner/work/setup-matlab/setup-matlab/src/script.ts","statementMap":{"0":{"start":{"line":3,"column":0},"end":{"line":3,"column":38}},"1":{"start":{"line":4,"column":0},"end":{"line":4,"column":34}},"2":{"start":{"line":5,"column":0},"end":{"line":5,"column":42}},"3":{"start":{"line":6,"column":0},"end":{"line":6,"column":24}},"4":{"start":{"line":16,"column":23},"end":{"line":16,"column":49}},"5":{"start":{"line":17,"column":16},"end":{"line":17,"column":63}},"6":{"start":{"line":19,"column":21},"end":{"line":19,"column":47}},"7":{"start":{"line":21,"column":4},"end":{"line":23,"column":null}},"8":{"start":{"line":22,"column":8},"end":{"line":22,"column":85}},"9":{"start":{"line":24,"column":4},"end":{"line":24,"column":11}},"10":{"start":{"line":15,"column":0},"end":{"line":15,"column":7}},"11":{"start":{"line":35,"column":21},"end":{"line":35,"column":41}},"12":{"start":{"line":37,"column":4},"end":{"line":42,"column":null}},"13":{"start":{"line":38,"column":21},"end":{"line":38,"column":43}},"14":{"start":{"line":39,"column":8},"end":{"line":41,"column":null}},"15":{"start":{"line":40,"column":12},"end":{"line":40,"column":49}},"16":{"start":{"line":44,"column":4},"end":{"line":44,"column":22}},"17":{"start":{"line":33,"column":0},"end":{"line":33,"column":7}},"18":{"start":{"line":49,"column":4},"end":{"line":53,"column":null}},"19":{"start":{"line":50,"column":8},"end":{"line":50,"column":67}},"20":{"start":{"line":52,"column":8},"end":{"line":52,"column":56}},"21":{"start":{"line":54,"column":4},"end":{"line":54,"column":23}},"22":{"start":{"line":47,"column":0},"end":{"line":47,"column":16}}},"fnMap":{"0":{"name":"downloadAndRunScript","decl":{"start":{"line":15,"column":22},"end":{"line":15,"column":42}},"loc":{"start":{"line":15,"column":89},"end":{"line":25,"column":1}}},"1":{"name":"generateExecCommand","decl":{"start":{"line":33,"column":22},"end":{"line":33,"column":41}},"loc":{"start":{"line":33,"column":78},"end":{"line":45,"column":1}}},"2":{"name":"defaultInstallRoot","decl":{"start":{"line":47,"column":16},"end":{"line":47,"column":34}},"loc":{"start":{"line":47,"column":72},"end":{"line":55,"column":1}}}},"branchMap":{"0":{"loc":{"start":{"line":21,"column":4},"end":{"line":23,"column":null}},"type":"if","locations":[{"start":{"line":21,"column":4},"end":{"line":23,"column":null}}]},"1":{"loc":{"start":{"line":37,"column":4},"end":{"line":42,"column":null}},"type":"if","locations":[{"start":{"line":37,"column":4},"end":{"line":42,"column":null}}]},"2":{"loc":{"start":{"line":39,"column":8},"end":{"line":41,"column":null}},"type":"if","locations":[{"start":{"line":39,"column":8},"end":{"line":41,"column":null}}]},"3":{"loc":{"start":{"line":49,"column":4},"end":{"line":53,"column":null}},"type":"if","locations":[{"start":{"line":49,"column":4},"end":{"line":53,"column":null}},{"start":{"line":51,"column":11},"end":{"line":53,"column":null}}]}},"s":{"0":4,"1":4,"2":4,"3":4,"4":4,"5":3,"6":3,"7":2,"8":1,"9":1,"10":4,"11":8,"12":8,"13":7,"14":7,"15":2,"16":8,"17":4,"18":3,"19":1,"20":2,"21":3,"22":4},"f":{"0":4,"1":8,"2":3},"b":{"0":[1],"1":[7],"2":[2],"3":[1,2]}}
}
