TN:
SF:src/cache-restore.ts
FN:9,restoreMATLAB
FNF:1
FNH:1
FNDA:2,restoreMATLAB
DA:3,2
DA:4,2
DA:5,2
DA:6,2
DA:9,2
DA:10,2
DA:11,2
DA:12,2
DA:13,2
DA:14,2
DA:15,0
DA:17,2
DA:19,2
DA:20,2
DA:21,2
DA:23,2
DA:24,1
DA:25,1
DA:28,1
DA:29,1
DA:30,1
LF:21
LH:20
BRDA:14,0,0,0
BRDA:23,1,0,1
BRF:2
BRH:1
end_of_record
TN:
SF:src/cache-save.ts
FN:7,cacheMATLAB
FNF:1
FNH:1
FNDA:2,cacheMATLAB
DA:3,2
DA:4,2
DA:5,2
DA:7,2
DA:8,2
DA:9,2
DA:10,2
DA:11,2
DA:14,2
DA:15,1
DA:16,1
DA:19,1
DA:20,1
DA:21,1
DA:23,0
LF:15
LH:14
BRDA:14,0,0,1
BRF:1
BRH:1
end_of_record
TN:
SF:src/cache-state.ts
FN:3,(anonymous_0)
FNF:1
FNH:1
FNDA:4,(anonymous_0)
DA:3,4
DA:4,4
DA:5,4
DA:6,4
DA:7,4
LF:5
LH:5
BRDA:3,0,0,4
BRDA:3,0,1,4
BRF:2
BRH:2
end_of_record
TN:
SF:src/install-state.ts
FN:3,(anonymous_0)
FNF:1
FNH:1
FNDA:2,(anonymous_0)
DA:3,2
DA:4,2
LF:2
LH:2
BRDA:3,0,0,2
BRDA:3,0,1,2
BRF:2
BRH:2
end_of_record
TN:
SF:src/install.ts
FN:22,install
FN:30,(anonymous_7)
FN:35,(anonymous_8)
FNF:3
FNH:3
FNDA:14,install
FNDA:11,(anonymous_7)
FNDA:11,(anonymous_8)
DA:3,1
DA:4,1
DA:5,1
DA:6,1
DA:7,1
DA:8,1
DA:22,1
DA:23,14
DA:24,13
DA:25,1
DA:29,12
DA:30,11
DA:31,11
DA:35,11
DA:36,11
DA:37,11
DA:38,1
DA:41,11
DA:42,11
DA:44,11
DA:45,3
DA:46,3
DA:49,11
DA:50,9
DA:51,9
DA:52,8
DA:55,10
DA:56,10
DA:58,10
DA:60,9
DA:61,1
DA:62,0
DA:64,1
DA:69,9
LF:34
LH:33
BRDA:24,0,0,1
BRDA:29,1,0,11
BRDA:29,2,0,12
BRDA:29,2,1,11
BRDA:37,3,0,1
BRDA:37,4,0,11
BRDA:37,4,1,1
BRDA:37,4,2,1
BRDA:44,5,0,3
BRDA:49,6,0,9
BRDA:49,7,0,11
BRDA:49,7,1,10
BRDA:60,8,0,1
BRDA:61,9,0,0
BRDA:61,9,1,1
BRF:15
BRH:14
end_of_record
TN:
SF:src/matlab.ts
FN:21,getToolcacheDir
FN:36,makeToolcacheDir
FN:40,(anonymous_9)
FN:47,makeWindowsHostedToolpath
FN:92,makeDefaultToolpath
FN:99,setupBatch
FN:137,getReleaseInfo
FN:191,getSupportPackagesPath
FN:208,installSystemDependencies
FN:220,installAppleSiliconRosetta
FN:227,installAppleSiliconJdk
FNF:11
FNH:10
FNDA:8,getToolcacheDir
FNDA:7,makeToolcacheDir
FNDA:4,(anonymous_9)
FNDA:5,makeWindowsHostedToolpath
FNDA:6,makeDefaultToolpath
FNDA:9,setupBatch
FNDA:9,getReleaseInfo
FNDA:0,getSupportPackagesPath
FNDA:7,installSystemDependencies
FNDA:1,installAppleSiliconRosetta
FNDA:3,installAppleSiliconJdk
DA:3,2
DA:4,2
DA:5,2
DA:6,2
DA:7,2
DA:8,2
DA:9,2
DA:10,2
DA:11,2
DA:12,2
DA:21,2
DA:22,8
DA:23,8
DA:24,8
DA:25,1
DA:26,1
DA:28,7
DA:30,8
DA:31,1
DA:33,8
DA:38,7
DA:39,5
DA:40,4
DA:42,2
DA:44,7
DA:49,5
DA:50,1
DA:53,4
DA:54,4
DA:55,1
DA:59,3
DA:60,2
DA:63,1
DA:64,1
DA:66,1
DA:68,1
DA:69,1
DA:70,1
DA:71,1
DA:74,1
DA:77,1
DA:78,1
DA:81,1
DA:82,1
DA:83,1
DA:84,1
DA:86,1
DA:88,1
DA:93,6
DA:94,6
DA:95,6
DA:96,6
DA:99,2
DA:100,9
DA:101,1
DA:105,8
DA:106,8
DA:108,1
DA:109,1
DA:110,1
DA:112,4
DA:113,4
DA:115,2
DA:116,1
DA:118,1
DA:120,2
DA:122,1
DA:125,7
DA:126,6
DA:127,6
DA:128,6
DA:129,5
DA:130,5
DA:131,1
DA:134,5
DA:137,2
DA:140,9
DA:141,9
DA:142,9
DA:143,3
DA:144,3
DA:145,3
DA:146,3
DA:149,1
DA:152,6
DA:153,6
DA:154,1
DA:156,5
DA:160,7
DA:161,7
DA:162,7
DA:163,7
DA:165,7
DA:166,1
DA:167,1
DA:170,6
DA:171,1
DA:172,1
DA:174,5
DA:175,5
DA:176,5
DA:177,1
DA:178,1
DA:179,1
DA:183,6
DA:191,2
DA:193,0
DA:194,0
DA:196,0
DA:197,0
DA:200,0
DA:201,0
DA:203,0
DA:205,0
DA:208,2
DA:209,7
DA:210,1
DA:211,6
DA:212,4
DA:213,1
DA:215,3
DA:221,1
DA:222,1
DA:223,0
DA:228,3
DA:229,3
DA:230,3
DA:231,2
DA:232,2
DA:233,1
LF:130
LH:121
BRDA:24,0,0,1
BRDA:24,0,1,7
BRDA:30,1,0,1
BRDA:38,2,0,5
BRDA:38,2,1,2
BRDA:49,3,0,1
BRDA:49,4,0,5
BRDA:49,4,1,1
BRDA:54,5,0,1
BRDA:59,6,0,2
BRDA:59,7,0,3
BRDA:59,7,1,2
BRDA:100,8,0,1
BRDA:100,9,0,9
BRDA:100,9,1,2
BRDA:100,10,0,2
BRDA:100,10,1,1
BRDA:106,11,0,1
BRDA:106,11,1,4
BRDA:106,11,2,2
BRDA:106,11,3,1
BRDA:115,12,0,1
BRDA:115,12,1,1
BRDA:128,13,0,5
BRDA:130,14,0,1
BRDA:142,15,0,3
BRDA:142,15,1,6
BRDA:142,16,0,9
BRDA:142,16,1,7
BRDA:153,17,0,1
BRDA:161,18,0,1
BRDA:161,18,1,6
BRDA:165,19,0,1
BRDA:165,19,1,6
BRDA:170,20,0,1
BRDA:170,21,0,6
BRDA:170,21,1,3
BRDA:170,21,2,2
BRDA:176,22,0,1
BRDA:194,23,0,0
BRDA:194,23,1,0
BRDA:194,23,2,0
BRDA:194,23,3,0
BRDA:209,24,0,1
BRDA:209,24,1,6
BRDA:211,25,0,4
BRDA:211,26,0,6
BRDA:211,26,1,5
BRDA:212,27,0,1
BRDA:212,27,1,3
BRDA:222,28,0,0
BRDA:228,29,0,3
BRDA:228,29,1,0
BRDA:232,30,0,1
BRF:54
BRH:48
end_of_record
TN:
SF:src/mpm.ts
FN:11,setup
FN:62,install
FN:65,(anonymous_9)
FN:81,(anonymous_10)
FNF:4
FNH:4
FNDA:9,setup
FNDA:5,install
FNDA:9,(anonymous_9)
FNDA:1,(anonymous_10)
DA:3,2
DA:4,2
DA:5,2
DA:6,2
DA:7,2
DA:9,2
DA:11,2
DA:13,9
DA:14,9
DA:15,1
DA:17,8
DA:19,1
DA:20,1
DA:21,1
DA:23,4
DA:24,4
DA:26,2
DA:27,1
DA:29,1
DA:31,2
DA:33,1
DA:36,7
DA:37,7
DA:38,1
DA:40,6
DA:43,6
DA:44,0
DA:45,0
DA:47,0
DA:51,6
DA:53,5
DA:54,4
DA:55,4
DA:56,1
DA:59,4
DA:62,2
DA:63,5
DA:65,9
DA:67,5
DA:69,5
DA:71,5
DA:76,5
DA:77,1
DA:79,5
DA:81,5
DA:83,1
DA:84,1
DA:86,4
DA:87,1
DA:88,1
DA:90,3
LF:51
LH:48
BRDA:14,0,0,1
BRDA:14,1,0,9
BRDA:14,1,1,2
BRDA:14,2,0,2
BRDA:14,2,1,1
BRDA:17,3,0,1
BRDA:17,3,1,4
BRDA:17,3,2,2
BRDA:17,3,3,1
BRDA:26,4,0,1
BRDA:26,4,1,1
BRDA:37,5,0,1
BRDA:43,6,0,0
BRDA:53,7,0,4
BRDA:55,8,0,1
BRDA:76,9,0,1
BRDA:86,10,0,1
BRF:17
BRH:16
end_of_record
TN:
SF:src/post.ts
FN:7,run
FN:15,(anonymous_7)
FNF:2
FNH:1
FNDA:4,run
FNDA:0,(anonymous_7)
DA:3,1
DA:4,1
DA:5,1
DA:7,1
DA:8,4
DA:9,4
DA:10,4
DA:11,1
DA:15,1
DA:16,0
LF:10
LH:9
BRDA:10,0,0,1
BRDA:10,1,0,4
BRDA:10,1,1,2
BRF:3
BRH:3
end_of_record
TN:
SF:src/script.ts
FN:15,downloadAndRunScript
FN:33,generateExecCommand
FN:47,defaultInstallRoot
FNF:3
FNH:3
FNDA:4,downloadAndRunScript
FNDA:8,generateExecCommand
FNDA:3,defaultInstallRoot
DA:3,4
DA:4,4
DA:5,4
DA:6,4
DA:15,4
DA:16,4
DA:17,3
DA:19,3
DA:21,2
DA:22,1
DA:24,1
DA:33,4
DA:35,8
DA:37,8
DA:38,7
DA:39,7
DA:40,2
DA:44,8
DA:47,4
DA:49,3
DA:50,1
DA:52,2
DA:54,3
LF:23
LH:23
BRDA:21,0,0,1
BRDA:37,1,0,7
BRDA:39,2,0,2
BRDA:49,3,0,1
BRDA:49,3,1,2
BRF:5
BRH:5
end_of_record
